<?xml version="1.0" encoding="UTF-8"?>
<!-- Generated by org.testng.reporters.JUnitReportReporter -->
<testsuite hostname="DESKTOP-6F5I5V8" failures="0" tests="3" name="test.FacebookLoginTest" time="41.462" errors="0" timestamp="2023-09-30T15:26:28 IST" skipped="0">
  <testcase classname="test.FacebookLoginTest" name="enterValidCredentials" time="13.089"/>
  <testcase classname="test.FacebookLoginTest" name="enterValidUnameAndInvalidPassword" time="15.489"/>
  <testcase classname="test.FacebookLoginTest" name="enetrInvalidUnameAndValidPassword" time="12.884"/>
</testsuite> <!-- test.FacebookLoginTest -->
